<?xml version="1.0" encoding="UTF-8"?>
<testsuite name="ShopServiceTests" tests="17" skipped="0" failures="0" errors="0" timestamp="2024-10-07T19:41:59" hostname="DESKTOP-LEC21QP" time="0.644">
  <properties/>
  <testcase name="when_new_item_is_sold_then_it_is_added_to_sold_items()" classname="ShopServiceTests" time="0.226"/>
  <testcase name="when_no_cashiers_then_total_salaries_is_zero()" classname="ShopServiceTests" time="0.034"/>
  <testcase name="when_sell_item_exceeding_stock_then_item_out_of_stock_exception_is_thrown()" classname="ShopServiceTests" time="0.055"/>
  <testcase name="when_valid_receipt_added_then_receipt_is_stored_in_shop()" classname="ShopServiceTests" time="0.005"/>
  <testcase name="when_existing_sold_item_quantity_increased_then_quantity_is_correct()" classname="ShopServiceTests" time="0.012"/>
  <testcase name="when_multiple_cashiers_present_then_total_salaries_calculated_correctly()" classname="ShopServiceTests" time="0.009"/>
  <testcase name="when_calculating_monthly_income_then_correct_income_is_returned()" classname="ShopServiceTests" time="0.032"/>
  <testcase name="when_item_quantity_added_to_current_receipt_then_receipt_contains_item_quantity()" classname="ShopServiceTests" time="0.023"/>
  <testcase name="when_multiple_item_quantities_processed_then_quantities_are_updated_correctly()" classname="ShopServiceTests" time="0.012"/>
  <testcase name="when_multiple_items_delivered_then_total_expense_is_correct()" classname="ShopServiceTests" time="0.015"/>
  <testcase name="when_existing_item_quantity_updated_then_new_quantity_is_correct()" classname="ShopServiceTests" time="0.008"/>
  <testcase name="when_receipt_added_then_sold_items_are_updated()" classname="ShopServiceTests" time="0.012"/>
  <testcase name="when_sell_item_and_current_receipt_initialized_then_same_receipt_is_returned()" classname="ShopServiceTests" time="0.019"/>
  <testcase name="when_no_delivered_items_then_total_expense_is_zero()" classname="ShopServiceTests" time="0.01"/>
  <testcase name="when_sell_called_then_sell_item_method_is_invoked()" classname="ShopServiceTests" time="0.074"/>
  <testcase name="when_sell_item_multiple_times_then_quantity_is_reduced_successfully()" classname="ShopServiceTests" time="0.008"/>
  <testcase name="when_sell_item_with_invalid_id_then_item_out_of_stock_exception_is_thrown()" classname="ShopServiceTests" time="0.02"/>
  <system-out><![CDATA[]]></system-out>
  <system-err><![CDATA[]]></system-err>
</testsuite>
